# JRE version: Java(TM) SE Runtime Environment (7.0_79-b15) (build 1.7.0_79-b15)
# Java VM: Java HotSpot(TM) 64-Bit Server VM (24.79-b02 mixed mode windows-amd64 compressed oops)
Heap
 PSYoungGen      total 229888K, used 172581K [0x00000000eaa80000, 0x00000000ff900000, 0x0000000100000000)
  eden space 117248K, 64% used [0x00000000eaa80000,0x00000000ef40a718,0x00000000f1d00000)
  from space 112640K, 86% used [0x00000000f8b00000,0x00000000fe9fed58,0x00000000ff900000)
  to   space 48640K, 0% used [0x00000000f1d00000,0x00000000f1d00000,0x00000000f4c80000)
 ParOldGen       total 237568K, used 152719K [0x00000000c0000000, 0x00000000ce800000, 0x00000000eaa80000)
  object space 237568K, 64% used [0x00000000c0000000,0x00000000c9523eb0,0x00000000ce800000)
 PSPermGen       total 21504K, used 6108K [0x00000000bae00000, 0x00000000bc300000, 0x00000000c0000000)
  object space 21504K, 28% used [0x00000000bae00000,0x00000000bb3f7258,0x00000000bc300000)
GC Heap History (10 events):
Event: 23.298 GC heap before
{Heap before GC invocations=11 (full 3):
 PSYoungGen      total 195072K, used 77811K [0x00000000eaa80000, 0x0000000100000000, 0x0000000100000000)
  eden space 117248K, 0% used [0x00000000eaa80000,0x00000000eaa80000,0x00000000f1d00000)
  from space 77824K, 99% used [0x00000000fb400000,0x00000000ffffcea8,0x0000000100000000)
  to   space 116224K, 0% used [0x00000000f1d00000,0x00000000f1d00000,0x00000000f8e80000)
 ParOldGen       total 237568K, used 187410K [0x00000000c0000000, 0x00000000ce800000, 0x00000000eaa80000)
  object space 237568K, 78% used [0x00000000c0000000,0x00000000cb7049f0,0x00000000ce800000)
 PSPermGen       total 21504K, used 6078K [0x00000000bae00000, 0x00000000bc300000, 0x00000000c0000000)
  object space 21504K, 28% used [0x00000000bae00000,0x00000000bb3efbe8,0x00000000bc300000)
Event: 26.983 GC heap after
Heap after GC invocations=11 (full 3):
 PSYoungGen      total 195072K, used 0K [0x00000000eaa80000, 0x0000000100000000, 0x0000000100000000)
  eden space 117248K, 0% used [0x00000000eaa80000,0x00000000eaa80000,0x00000000f1d00000)
  from space 77824K, 0% used [0x00000000fb400000,0x00000000fb400000,0x0000000100000000)
  to   space 116224K, 0% used [0x00000000f1d00000,0x00000000f1d00000,0x00000000f8e80000)
 ParOldGen       total 237568K, used 98681K [0x00000000c0000000, 0x00000000ce800000, 0x00000000eaa80000)
  object space 237568K, 41% used [0x00000000c0000000,0x00000000c605e658,0x00000000ce800000)
 PSPermGen       total 21504K, used 6078K [0x00000000bae00000, 0x00000000bc300000, 0x00000000c0000000)
  object space 21504K, 28% used [0x00000000bae00000,0x00000000bb3efb48,0x00000000bc300000)
}
Event: 28.322 GC heap before
{Heap before GC invocations=12 (full 3):
 PSYoungGen      total 195072K, used 117248K [0x00000000eaa80000, 0x0000000100000000, 0x0000000100000000)
  eden space 117248K, 100% used [0x00000000eaa80000,0x00000000f1d00000,0x00000000f1d00000)
  from space 77824K, 0% used [0x00000000fb400000,0x00000000fb400000,0x0000000100000000)
  to   space 116224K, 0% used [0x00000000f1d00000,0x00000000f1d00000,0x00000000f8e80000)
 ParOldGen       total 237568K, used 98681K [0x00000000c0000000, 0x00000000ce800000, 0x00000000eaa80000)
  object space 237568K, 41% used [0x00000000c0000000,0x00000000c605e658,0x00000000ce800000)
 PSPermGen       total 21504K, used 6098K [0x00000000bae00000, 0x00000000bc300000, 0x00000000c0000000)
  object space 21504K, 28% used [0x00000000bae00000,0x00000000bb3f4ad8,0x00000000bc300000)
Event: 28.528 GC heap after
Heap after GC invocations=12 (full 3):
 PSYoungGen      total 233472K, used 46102K [0x00000000eaa80000, 0x0000000100000000, 0x0000000100000000)
  eden space 117248K, 0% used [0x00000000eaa80000,0x00000000eaa80000,0x00000000f1d00000)
  from space 116224K, 39% used [0x00000000f1d00000,0x00000000f4a05908,0x00000000f8e80000)
  to   space 116224K, 0% used [0x00000000f8e80000,0x00000000f8e80000,0x0000000100000000)
 ParOldGen       total 237568K, used 98681K [0x00000000c0000000, 0x00000000ce800000, 0x00000000eaa80000)
  object space 237568K, 41% used [0x00000000c0000000,0x00000000c605e658,0x00000000ce800000)
 PSPermGen       total 21504K, used 6098K [0x00000000bae00000, 0x00000000bc300000, 0x00000000c0000000)
  object space 21504K, 28% used [0x00000000bae00000,0x00000000bb3f4ad8,0x00000000bc300000)
}
Event: 29.316 GC heap before
{Heap before GC invocations=13 (full 3):
 PSYoungGen      total 233472K, used 163350K [0x00000000eaa80000, 0x0000000100000000, 0x0000000100000000)
  eden space 117248K, 100% used [0x00000000eaa80000,0x00000000f1d00000,0x00000000f1d00000)
  from space 116224K, 39% used [0x00000000f1d00000,0x00000000f4a05908,0x00000000f8e80000)
  to   space 116224K, 0% used [0x00000000f8e80000,0x00000000f8e80000,0x0000000100000000)
 ParOldGen       total 237568K, used 98681K [0x00000000c0000000, 0x00000000ce800000, 0x00000000eaa80000)
  object space 237568K, 41% used [0x00000000c0000000,0x00000000c605e658,0x00000000ce800000)
 PSPermGen       total 21504K, used 6103K [0x00000000bae00000, 0x00000000bc300000, 0x00000000c0000000)
  object space 21504K, 28% used [0x00000000bae00000,0x00000000bb3f5ed0,0x00000000bc300000)
Event: 29.451 GC heap after
Heap after GC invocations=13 (full 3):
 PSYoungGen      total 233472K, used 53789K [0x00000000eaa80000, 0x0000000100000000, 0x0000000100000000)
  eden space 117248K, 0% used [0x00000000eaa80000,0x00000000eaa80000,0x00000000f1d00000)
  from space 116224K, 46% used [0x00000000f8e80000,0x00000000fc307538,0x0000000100000000)
  to   space 116224K, 0% used [0x00000000f1d00000,0x00000000f1d00000,0x00000000f8e80000)
 ParOldGen       total 237568K, used 98681K [0x00000000c0000000, 0x00000000ce800000, 0x00000000eaa80000)
  object space 237568K, 41% used [0x00000000c0000000,0x00000000c605e658,0x00000000ce800000)
 PSPermGen       total 21504K, used 6103K [0x00000000bae00000, 0x00000000bc300000, 0x00000000c0000000)
  object space 21504K, 28% used [0x00000000bae00000,0x00000000bb3f5ed0,0x00000000bc300000)
}
Event: 29.742 GC heap before
{Heap before GC invocations=14 (full 3):
 PSYoungGen      total 233472K, used 171037K [0x00000000eaa80000, 0x0000000100000000, 0x0000000100000000)
  eden space 117248K, 100% used [0x00000000eaa80000,0x00000000f1d00000,0x00000000f1d00000)
  from space 116224K, 46% used [0x00000000f8e80000,0x00000000fc307538,0x0000000100000000)
  to   space 116224K, 0% used [0x00000000f1d00000,0x00000000f1d00000,0x00000000f8e80000)
 ParOldGen       total 237568K, used 98681K [0x00000000c0000000, 0x00000000ce800000, 0x00000000eaa80000)
  object space 237568K, 41% used [0x00000000c0000000,0x00000000c605e658,0x00000000ce800000)
 PSPermGen       total 21504K, used 6103K [0x00000000bae00000, 0x00000000bc300000, 0x00000000c0000000)
  object space 21504K, 28% used [0x00000000bae00000,0x00000000bb3f5ed0,0x00000000bc300000)
Event: 30.077 GC heap after
Heap after GC invocations=14 (full 3):
 PSYoungGen      total 165888K, used 48431K [0x00000000eaa80000, 0x00000000ff900000, 0x0000000100000000)
  eden space 117248K, 0% used [0x00000000eaa80000,0x00000000eaa80000,0x00000000f1d00000)
  from space 48640K, 99% used [0x00000000f1d00000,0x00000000f4c4bf60,0x00000000f4c80000)
  to   space 112640K, 0% used [0x00000000f8b00000,0x00000000f8b00000,0x00000000ff900000)
 ParOldGen       total 237568K, used 152719K [0x00000000c0000000, 0x00000000ce800000, 0x00000000eaa80000)
  object space 237568K, 64% used [0x00000000c0000000,0x00000000c9523eb0,0x00000000ce800000)
 PSPermGen       total 21504K, used 6103K [0x00000000bae00000, 0x00000000bc300000, 0x00000000c0000000)
  object space 21504K, 28% used [0x00000000bae00000,0x00000000bb3f5ed0,0x00000000bc300000)
}
Event: 30.404 GC heap before
{Heap before GC invocations=15 (full 3):
 PSYoungGen      total 165888K, used 165679K [0x00000000eaa80000, 0x00000000ff900000, 0x0000000100000000)
  eden space 117248K, 100% used [0x00000000eaa80000,0x00000000f1d00000,0x00000000f1d00000)
  from space 48640K, 99% used [0x00000000f1d00000,0x00000000f4c4bf60,0x00000000f4c80000)
  to   space 112640K, 0% used [0x00000000f8b00000,0x00000000f8b00000,0x00000000ff900000)
 ParOldGen       total 237568K, used 152719K [0x00000000c0000000, 0x00000000ce800000, 0x00000000eaa80000)
  object space 237568K, 64% used [0x00000000c0000000,0x00000000c9523eb0,0x00000000ce800000)
 PSPermGen       total 21504K, used 6107K [0x00000000bae00000, 0x00000000bc300000, 0x00000000c0000000)
  object space 21504K, 28% used [0x00000000bae00000,0x00000000bb3f6e58,0x00000000bc300000)
Event: 30.624 GC heap after
Heap after GC invocations=15 (full 3):
 PSYoungGen      total 229888K, used 97275K [0x00000000eaa80000, 0x00000000ff900000, 0x0000000100000000)
  eden space 117248K, 0% used [0x00000000eaa80000,0x00000000eaa80000,0x00000000f1d00000)
  from space 112640K, 86% used [0x00000000f8b00000,0x00000000fe9fed58,0x00000000ff900000)
  to   space 48640K, 0% used [0x00000000f1d00000,0x00000000f1d00000,0x00000000f4c80000)
 ParOldGen       total 237568K, used 152719K [0x00000000c0000000, 0x00000000ce800000, 0x00000000eaa80000)
  object space 237568K, 64% used [0x00000000c0000000,0x00000000c9523eb0,0x00000000ce800000)
 PSPermGen       total 21504K, used 6107K [0x00000000bae00000, 0x00000000bc300000, 0x00000000c0000000)
  object space 21504K, 28% used [0x00000000bae00000,0x00000000bb3f6e58,0x00000000bc300000)
}

