# JRE version: Java(TM) SE Runtime Environment (7.0_79-b15) (build 1.7.0_79-b15)
# Java VM: Java HotSpot(TM) 64-Bit Server VM (24.79-b02 mixed mode windows-amd64 compressed oops)
Heap
 PSYoungGen      total 227840K, used 84819K [0x00000000eaa80000, 0x0000000100000000, 0x0000000100000000)
  eden space 116224K, 14% used [0x00000000eaa80000,0x00000000eba8aea0,0x00000000f1c00000)
  from space 111616K, 61% used [0x00000000f8a00000,0x00000000fccc9d90,0x00000000ff700000)
  to   space 112640K, 0% used [0x00000000f1c00000,0x00000000f1c00000,0x00000000f8a00000)
 ParOldGen       total 406528K, used 235638K [0x00000000c0000000, 0x00000000d8d00000, 0x00000000eaa80000)
  object space 406528K, 57% used [0x00000000c0000000,0x00000000ce61db98,0x00000000d8d00000)
 PSPermGen       total 21504K, used 6111K [0x00000000bae00000, 0x00000000bc300000, 0x00000000c0000000)
  object space 21504K, 28% used [0x00000000bae00000,0x00000000bb3f7f78,0x00000000bc300000)
GC Heap History (10 events):
Event: 23.505 GC heap before
{Heap before GC invocations=13 (full 2):
 PSYoungGen      total 233472K, used 187672K [0x00000000eaa80000, 0x0000000100000000, 0x0000000100000000)
  eden space 117248K, 100% used [0x00000000eaa80000,0x00000000f1d00000,0x00000000f1d00000)
  from space 116224K, 60% used [0x00000000f8e80000,0x00000000fd346010,0x0000000100000000)
  to   space 116224K, 0% used [0x00000000f1d00000,0x00000000f1d00000,0x00000000f8e80000)
 ParOldGen       total 288256K, used 167372K [0x00000000c0000000, 0x00000000d1980000, 0x00000000eaa80000)
  object space 288256K, 58% used [0x00000000c0000000,0x00000000ca373038,0x00000000d1980000)
 PSPermGen       total 21504K, used 6098K [0x00000000bae00000, 0x00000000bc300000, 0x00000000c0000000)
  object space 21504K, 28% used [0x00000000bae00000,0x00000000bb3f4900,0x00000000bc300000)
Event: 23.828 GC heap after
Heap after GC invocations=13 (full 2):
 PSYoungGen      total 233472K, used 71493K [0x00000000eaa80000, 0x0000000100000000, 0x0000000100000000)
  eden space 117248K, 0% used [0x00000000eaa80000,0x00000000eaa80000,0x00000000f1d00000)
  from space 116224K, 61% used [0x00000000f1d00000,0x00000000f62d1740,0x00000000f8e80000)
  to   space 116224K, 0% used [0x00000000f8e80000,0x00000000f8e80000,0x0000000100000000)
 ParOldGen       total 288256K, used 235968K [0x00000000c0000000, 0x00000000d1980000, 0x00000000eaa80000)
  object space 288256K, 81% used [0x00000000c0000000,0x00000000ce670200,0x00000000d1980000)
 PSPermGen       total 21504K, used 6098K [0x00000000bae00000, 0x00000000bc300000, 0x00000000c0000000)
  object space 21504K, 28% used [0x00000000bae00000,0x00000000bb3f4900,0x00000000bc300000)
}
Event: 23.828 GC heap before
{Heap before GC invocations=14 (full 3):
 PSYoungGen      total 233472K, used 71493K [0x00000000eaa80000, 0x0000000100000000, 0x0000000100000000)
  eden space 117248K, 0% used [0x00000000eaa80000,0x00000000eaa80000,0x00000000f1d00000)
  from space 116224K, 61% used [0x00000000f1d00000,0x00000000f62d1740,0x00000000f8e80000)
  to   space 116224K, 0% used [0x00000000f8e80000,0x00000000f8e80000,0x0000000100000000)
 ParOldGen       total 288256K, used 235968K [0x00000000c0000000, 0x00000000d1980000, 0x00000000eaa80000)
  object space 288256K, 81% used [0x00000000c0000000,0x00000000ce670200,0x00000000d1980000)
 PSPermGen       total 21504K, used 6098K [0x00000000bae00000, 0x00000000bc300000, 0x00000000c0000000)
  object space 21504K, 28% used [0x00000000bae00000,0x00000000bb3f4900,0x00000000bc300000)
Event: 26.605 GC heap after
Heap after GC invocations=14 (full 3):
 PSYoungGen      total 233472K, used 0K [0x00000000eaa80000, 0x0000000100000000, 0x0000000100000000)
  eden space 117248K, 0% used [0x00000000eaa80000,0x00000000eaa80000,0x00000000f1d00000)
  from space 116224K, 0% used [0x00000000f1d00000,0x00000000f1d00000,0x00000000f8e80000)
  to   space 116224K, 0% used [0x00000000f8e80000,0x00000000f8e80000,0x0000000100000000)
 ParOldGen       total 406528K, used 212734K [0x00000000c0000000, 0x00000000d8d00000, 0x00000000eaa80000)
  object space 406528K, 52% used [0x00000000c0000000,0x00000000ccfbfb50,0x00000000d8d00000)
 PSPermGen       total 21504K, used 6097K [0x00000000bae00000, 0x00000000bc300000, 0x00000000c0000000)
  object space 21504K, 28% used [0x00000000bae00000,0x00000000bb3f47c0,0x00000000bc300000)
}
Event: 27.018 GC heap before
{Heap before GC invocations=15 (full 3):
 PSYoungGen      total 233472K, used 117248K [0x00000000eaa80000, 0x0000000100000000, 0x0000000100000000)
  eden space 117248K, 100% used [0x00000000eaa80000,0x00000000f1d00000,0x00000000f1d00000)
  from space 116224K, 0% used [0x00000000f1d00000,0x00000000f1d00000,0x00000000f8e80000)
  to   space 116224K, 0% used [0x00000000f8e80000,0x00000000f8e80000,0x0000000100000000)
 ParOldGen       total 406528K, used 212734K [0x00000000c0000000, 0x00000000d8d00000, 0x00000000eaa80000)
  object space 406528K, 52% used [0x00000000c0000000,0x00000000ccfbfb50,0x00000000d8d00000)
 PSPermGen       total 21504K, used 6103K [0x00000000bae00000, 0x00000000bc300000, 0x00000000c0000000)
  object space 21504K, 28% used [0x00000000bae00000,0x00000000bb3f5e18,0x00000000bc300000)
Event: 27.312 GC heap after
Heap after GC invocations=15 (full 3):
 PSYoungGen      total 233472K, used 25317K [0x00000000eaa80000, 0x0000000100000000, 0x0000000100000000)
  eden space 117248K, 0% used [0x00000000eaa80000,0x00000000eaa80000,0x00000000f1d00000)
  from space 116224K, 21% used [0x00000000f8e80000,0x00000000fa739628,0x0000000100000000)
  to   space 116224K, 0% used [0x00000000f1d00000,0x00000000f1d00000,0x00000000f8e80000)
 ParOldGen       total 406528K, used 212734K [0x00000000c0000000, 0x00000000d8d00000, 0x00000000eaa80000)
  object space 406528K, 52% used [0x00000000c0000000,0x00000000ccfbfb50,0x00000000d8d00000)
 PSPermGen       total 21504K, used 6103K [0x00000000bae00000, 0x00000000bc300000, 0x00000000c0000000)
  object space 21504K, 28% used [0x00000000bae00000,0x00000000bb3f5e18,0x00000000bc300000)
}
Event: 27.819 GC heap before
{Heap before GC invocations=16 (full 3):
 PSYoungGen      total 233472K, used 142565K [0x00000000eaa80000, 0x0000000100000000, 0x0000000100000000)
  eden space 117248K, 100% used [0x00000000eaa80000,0x00000000f1d00000,0x00000000f1d00000)
  from space 116224K, 21% used [0x00000000f8e80000,0x00000000fa739628,0x0000000100000000)
  to   space 116224K, 0% used [0x00000000f1d00000,0x00000000f1d00000,0x00000000f8e80000)
 ParOldGen       total 406528K, used 212734K [0x00000000c0000000, 0x00000000d8d00000, 0x00000000eaa80000)
  object space 406528K, 52% used [0x00000000c0000000,0x00000000ccfbfb50,0x00000000d8d00000)
 PSPermGen       total 21504K, used 6106K [0x00000000bae00000, 0x00000000bc300000, 0x00000000c0000000)
  object space 21504K, 28% used [0x00000000bae00000,0x00000000bb3f6830,0x00000000bc300000)
Event: 27.931 GC heap after
Heap after GC invocations=16 (full 3):
 PSYoungGen      total 159744K, used 42006K [0x00000000eaa80000, 0x00000000ff700000, 0x0000000100000000)
  eden space 117248K, 0% used [0x00000000eaa80000,0x00000000eaa80000,0x00000000f1d00000)
  from space 42496K, 98% used [0x00000000f1d00000,0x00000000f46058f8,0x00000000f4680000)
  to   space 111616K, 0% used [0x00000000f8a00000,0x00000000f8a00000,0x00000000ff700000)
 ParOldGen       total 406528K, used 235638K [0x00000000c0000000, 0x00000000d8d00000, 0x00000000eaa80000)
  object space 406528K, 57% used [0x00000000c0000000,0x00000000ce61db98,0x00000000d8d00000)
 PSPermGen       total 21504K, used 6106K [0x00000000bae00000, 0x00000000bc300000, 0x00000000c0000000)
  object space 21504K, 28% used [0x00000000bae00000,0x00000000bb3f6830,0x00000000bc300000)
}
Event: 28.641 GC heap before
{Heap before GC invocations=17 (full 3):
 PSYoungGen      total 159744K, used 159254K [0x00000000eaa80000, 0x00000000ff700000, 0x0000000100000000)
  eden space 117248K, 100% used [0x00000000eaa80000,0x00000000f1d00000,0x00000000f1d00000)
  from space 42496K, 98% used [0x00000000f1d00000,0x00000000f46058f8,0x00000000f4680000)
  to   space 111616K, 0% used [0x00000000f8a00000,0x00000000f8a00000,0x00000000ff700000)
 ParOldGen       total 406528K, used 235638K [0x00000000c0000000, 0x00000000d8d00000, 0x00000000eaa80000)
  object space 406528K, 57% used [0x00000000c0000000,0x00000000ce61db98,0x00000000d8d00000)
 PSPermGen       total 21504K, used 6109K [0x00000000bae00000, 0x00000000bc300000, 0x00000000c0000000)
  object space 21504K, 28% used [0x00000000bae00000,0x00000000bb3f7518,0x00000000bc300000)
Event: 28.891 GC heap after
Heap after GC invocations=17 (full 3):
 PSYoungGen      total 227840K, used 68391K [0x00000000eaa80000, 0x0000000100000000, 0x0000000100000000)
  eden space 116224K, 0% used [0x00000000eaa80000,0x00000000eaa80000,0x00000000f1c00000)
  from space 111616K, 61% used [0x00000000f8a00000,0x00000000fccc9d90,0x00000000ff700000)
  to   space 112640K, 0% used [0x00000000f1c00000,0x00000000f1c00000,0x00000000f8a00000)
 ParOldGen       total 406528K, used 235638K [0x00000000c0000000, 0x00000000d8d00000, 0x00000000eaa80000)
  object space 406528K, 57% used [0x00000000c0000000,0x00000000ce61db98,0x00000000d8d00000)
 PSPermGen       total 21504K, used 6109K [0x00000000bae00000, 0x00000000bc300000, 0x00000000c0000000)
  object space 21504K, 28% used [0x00000000bae00000,0x00000000bb3f7518,0x00000000bc300000)
}

